错误: 找不到或无法加载主类 com.tangosol.net.DefaultCacheServer
错误: 找不到或无法加载主类 com.tangosol.net.DefaultCacheServer
错误: 找不到或无法加载主类 com.tangosol.net.DefaultCacheServer
/Library/Java/JavaVirtualMachines/jdk1.8.0_77.jdk/Contents/Home/bin/java -Dcoherence.server.name=node01 -Dtangosol.coherence.site=site01 -Dtangosol.coherence.rack=rack01 -Dtangosol.coherence.machine=node01 -Dtangosol.coherence.member=node01 -Dtangosol.coherence.process=node01 -Dtangosol.coherence.cacheconfig=server-cache.xml -Dtangosol.coherence.override=server-override.xml -Dtangosol.coherence.distributed.localstorage=true -Dtangosol.coherence.localport=12010 -Dtangosol.coherence.log.level=3 -Dtangosol.coherence.cluster=mycluster -Dcoherence.management.remote=true -Djava.net.preferIPv4Stack=true com.tangosol.net.DefaultCacheServer
2016-06-24 23:29:16.009/0.809 Oracle Coherence 12.2.1.1.0 <Info> (thread=main, member=n/a): Loaded operational configuration from "jar:file:/Users/gniu/Oracle/mw12c/coherence/lib/coherence.jar!/tangosol-coherence.xml"
2016-06-24 23:29:16.082/0.881 Oracle Coherence 12.2.1.1.0 <Info> (thread=main, member=n/a): Loaded operational overrides from "file:/Users/gniu/Workspaces/data-grid-platform/topology/server-override.xml"

Oracle Coherence Version 12.2.1.1.0 Build 63073
 Grid Edition: Development mode
Copyright (c) 2000, 2016, Oracle and/or its affiliates. All rights reserved.

2016-06-24 23:29:16.679/1.478 Oracle Coherence GE 12.2.1.1.0 <Info> (thread=main, member=n/a): Loaded cache configuration from "file:/Users/gniu/Workspaces/data-grid-platform/topology/server-cache.xml"
2016-06-24 23:29:17.336/2.135 Oracle Coherence GE 12.2.1.1.0 <Info> (thread=main, member=n/a): Created cache factory com.tangosol.net.ExtensibleConfigurableCacheFactory
2016-06-24 23:29:48.665/33.464 Oracle Coherence GE 12.2.1.1.0 <Info> (thread=NameService:TcpAcceptor, member=n/a): TcpAcceptor now listening for connections on gniu-z30:12010.3
2016-06-24 23:29:48.667/33.466 Oracle Coherence GE 12.2.1.1.0 <Info> (thread=Cluster, member=n/a): NameService now listening for connections on gniu-z30:7574.3
2016-06-24 23:29:48.669/33.468 Oracle Coherence GE 12.2.1.1.0 <Info> (thread=Cluster, member=n/a): Created a new cluster "mycluster" with Member(Id=1, Timestamp=2016-06-24 23:29:17.966, Address=172.31.16.93:12010, MachineId=15235, Location=site:site01,rack:rack01,machine:node01,process:node01,member:node01, Role=CoherenceServer, Edition=Grid Edition, Mode=Production, CpuCount=4, SocketCount=4)
2016-06-24 23:29:48.704/33.503 Oracle Coherence GE 12.2.1.1.0 <Info> (thread=main, member=n/a): Started cluster Name=mycluster, ClusterPort=7574

Group{Address=239.192.0.0, TTL=4}

MasterMemberSet(
  ThisMember=Member(Id=1, Timestamp=2016-06-24 23:29:17.966, Address=172.31.16.93:12010, MachineId=15235, Location=site:site01,rack:rack01,machine:node01,process:node01,member:node01, Role=CoherenceServer)
  OldestMember=Member(Id=1, Timestamp=2016-06-24 23:29:17.966, Address=172.31.16.93:12010, MachineId=15235, Location=site:site01,rack:rack01,machine:node01,process:node01,member:node01, Role=CoherenceServer)
  ActualMemberSet=MemberSet(Size=1
    Member(Id=1, Timestamp=2016-06-24 23:29:17.966, Address=172.31.16.93:12010, MachineId=15235, Location=site:site01,rack:rack01,machine:node01,process:node01,member:node01, Role=CoherenceServer)
    )
  MemberId|ServiceJoined|MemberState|Version
    1|2016-06-24 23:29:17.966|JOINED|12.2.1.1.0
  RecycleMillis=1200000
  RecycleSet=MemberSet(Size=0
    )
  )

TcpRing{Connections=[]}
IpMonitor{Addresses=0, Timeout=15s}

2016-06-24 23:29:48.827/33.626 Oracle Coherence GE 12.2.1.1.0 <Info> (thread=main, member=1): Loaded Reporter configuration from "jar:file:/Users/gniu/Oracle/mw12c/coherence/lib/coherence.jar!/reports/report-group.xml"
2016-06-24 23:29:48.891/33.691 Oracle Coherence GE 12.2.1.1.0 <Info> (thread=main, member=1): JMXConnectorServer now listening for connections on gniu-z30:50798
2016-06-24 23:29:48.906/33.706 Oracle Coherence GE 12.2.1.1.0 <Info> (thread=main, member=1): Loaded Reporter configuration from "jar:file:/Users/gniu/Oracle/mw12c/coherence/lib/coherence.jar!/reports/report-group.xml"
2016-06-24 23:29:49.293/34.092 Oracle Coherence GE 12.2.1.1.0 <Info> (thread=Proxy:TcpAcceptor, member=1): TcpAcceptor now listening for connections on gniu-z30:12010.48502
2016-06-24 23:29:49.311/34.110 Oracle Coherence GE 12.2.1.1.0 <Info> (thread=main, member=1): 
Services
  (
  ClusterService{Name=Cluster, State=(SERVICE_STARTED, STATE_JOINED), Id=0, OldestMemberId=1}
  TransportService{Name=TransportService, State=(SERVICE_STARTED), Id=1, OldestMemberId=1}
  InvocationService{Name=Management, State=(SERVICE_STARTED), Id=2, OldestMemberId=1}
  PartitionedCache{Name=PartitionedCache, State=(SERVICE_STARTED), LocalStorage=enabled, PartitionCount=257, BackupCount=1, AssignedPartitions=257, BackupPartitions=0, CoordinatorId=1}
  ProxyService{Name=Proxy, State=(SERVICE_STARTED), Id=4, OldestMemberId=1}
  )

Started DefaultCacheServer...

